2024-05-29 10:37:45 [DEBUG] Selenium Manager binary found at: C:\Users\arman.petrosyan\AppData\Local\Programs\Python\Python311\Lib\site-packages\selenium\webdriver\common\windows\selenium-manager.exe
2024-05-29 10:37:45 [DEBUG] Executing process: C:\Users\arman.petrosyan\AppData\Local\Programs\Python\Python311\Lib\site-packages\selenium\webdriver\common\windows\selenium-manager.exe --browser chrome --debug --language-binding python --output json
2024-05-29 10:37:46 [DEBUG] chromedriver not found in PATH
2024-05-29 10:37:46 [DEBUG] chrome detected at C:\Program Files\Google\Chrome\Application\chrome.exe
2024-05-29 10:37:46 [DEBUG] Running command: wmic datafile where name='C:\\Program Files\\Google\\Chrome\\Application\\chrome.exe' get Version /value
2024-05-29 10:37:46 [DEBUG] Output: "\r\r\n\r\r\nVersion=125.0.6422.77\r\r\n\r\r\n\r\r\n\r"
2024-05-29 10:37:46 [DEBUG] Detected browser: chrome 125.0.6422.77
2024-05-29 10:37:46 [DEBUG] Required driver: chromedriver 125.0.6422.78
2024-05-29 10:37:46 [DEBUG] chromedriver 125.0.6422.78 already in the cache
2024-05-29 10:37:46 [DEBUG] Driver path: C:\Users\arman.petrosyan\.cache\selenium\chromedriver\win64\125.0.6422.78\chromedriver.exe
2024-05-29 10:37:46 [DEBUG] Browser path: C:\Program Files\Google\Chrome\Application\chrome.exe
2024-05-29 10:37:46 [DEBUG] Started executable: `C:\Users\arman.petrosyan\.cache\selenium\chromedriver\win64\125.0.6422.78\chromedriver.exe` in a child process with pid: 28000 using 0 to output -3
2024-05-29 10:37:46 [DEBUG] POST http://localhost:56137/session {'capabilities': {'firstMatch': [{}], 'alwaysMatch': {'browserName': 'chrome', 'pageLoadStrategy': <PageLoadStrategy.normal: 'normal'>, 'browserVersion': None, 'goog:chromeOptions': {'extensions': [], 'binary': 'C:\\Program Files\\Google\\Chrome\\Application\\chrome.exe', 'args': []}}}}
2024-05-29 10:37:46 [DEBUG] Starting new HTTP connection (1): localhost:56137
2024-05-29 10:37:47 [DEBUG] http://localhost:56137 "POST /session HTTP/1.1" 200 887
2024-05-29 10:37:47 [DEBUG] Remote response: status=200 | data={"value":{"capabilities":{"acceptInsecureCerts":false,"browserName":"chrome","browserVersion":"125.0.6422.77","chrome":{"chromedriverVersion":"125.0.6422.78 (14db42ec38aded3304a3e624a0a038e02956b87e-refs/branch-heads/6422@{#1088})","userDataDir":"C:\\Users\\ARMAN~1.PET\\AppData\\Local\\Temp\\scoped_dir28000_773322184"},"fedcm:accounts":true,"goog:chromeOptions":{"debuggerAddress":"localhost:56142"},"networkConnectionEnabled":false,"pageLoadStrategy":"normal","platformName":"windows","proxy":{},"setWindowRect":true,"strictFileInteractability":false,"timeouts":{"implicit":0,"pageLoad":300000,"script":30000},"unhandledPromptBehavior":"dismiss and notify","webauthn:extension:credBlob":true,"webauthn:extension:largeBlob":true,"webauthn:extension:minPinLength":true,"webauthn:extension:prf":true,"webauthn:virtualAuthenticators":true},"sessionId":"0bd50fdbc75aaf449620d6d583c23768"}} | headers=HTTPHeaderDict({'Content-Length': '887', 'Content-Type': 'application/json; charset=utf-8', 'cache-control': 'no-cache'})
2024-05-29 10:37:47 [DEBUG] Finished Request
2024-05-29 10:37:47 [DEBUG] POST http://localhost:56137/session/0bd50fdbc75aaf449620d6d583c23768/timeouts {'implicit': 5000}
2024-05-29 10:37:47 [DEBUG] http://localhost:56137 "POST /session/0bd50fdbc75aaf449620d6d583c23768/timeouts HTTP/1.1" 200 14
2024-05-29 10:37:47 [DEBUG] Remote response: status=200 | data={"value":null} | headers=HTTPHeaderDict({'Content-Length': '14', 'Content-Type': 'application/json; charset=utf-8', 'cache-control': 'no-cache'})
2024-05-29 10:37:47 [DEBUG] Finished Request
2024-05-29 10:37:47 [DEBUG] POST http://localhost:56137/session/0bd50fdbc75aaf449620d6d583c23768/url {'url': 'https://www.letskodeit.com/practice'}
2024-05-29 10:37:52 [DEBUG] http://localhost:56137 "POST /session/0bd50fdbc75aaf449620d6d583c23768/url HTTP/1.1" 200 14
2024-05-29 10:37:52 [DEBUG] Remote response: status=200 | data={"value":null} | headers=HTTPHeaderDict({'Content-Length': '14', 'Content-Type': 'application/json; charset=utf-8', 'cache-control': 'no-cache'})
2024-05-29 10:37:52 [DEBUG] Finished Request
2024-05-29 10:37:52 [DEBUG] POST http://localhost:56137/session/0bd50fdbc75aaf449620d6d583c23768/element {'using': 'xpath', 'value': "//*[@id='navbar-inverse-collapse']/div/div/a"}
2024-05-29 10:37:52 [DEBUG] http://localhost:56137 "POST /session/0bd50fdbc75aaf449620d6d583c23768/element HTTP/1.1" 200 126
2024-05-29 10:37:52 [DEBUG] Remote response: status=200 | data={"value":{"element-6066-11e4-a52e-4f735466cecf":"f.2E0F3C45EA0ADBBD2CFFC1855704C2CF.d.6C45892B720E4D9D15EC7059D766F180.e.72"}} | headers=HTTPHeaderDict({'Content-Length': '126', 'Content-Type': 'application/json; charset=utf-8', 'cache-control': 'no-cache'})
2024-05-29 10:37:52 [DEBUG] Finished Request
2024-05-29 10:37:52 [DEBUG] POST http://localhost:56137/session/0bd50fdbc75aaf449620d6d583c23768/element/f.2E0F3C45EA0ADBBD2CFFC1855704C2CF.d.6C45892B720E4D9D15EC7059D766F180.e.72/click {}
2024-05-29 10:37:53 [DEBUG] http://localhost:56137 "POST /session/0bd50fdbc75aaf449620d6d583c23768/element/f.2E0F3C45EA0ADBBD2CFFC1855704C2CF.d.6C45892B720E4D9D15EC7059D766F180.e.72/click HTTP/1.1" 200 14
2024-05-29 10:37:53 [DEBUG] Remote response: status=200 | data={"value":null} | headers=HTTPHeaderDict({'Content-Length': '14', 'Content-Type': 'application/json; charset=utf-8', 'cache-control': 'no-cache'})
2024-05-29 10:37:53 [DEBUG] Finished Request
2024-05-29 10:37:53 [DEBUG] POST http://localhost:56137/session/0bd50fdbc75aaf449620d6d583c23768/timeouts {'implicit': 5000}
2024-05-29 10:37:53 [DEBUG] http://localhost:56137 "POST /session/0bd50fdbc75aaf449620d6d583c23768/timeouts HTTP/1.1" 200 14
2024-05-29 10:37:53 [DEBUG] Remote response: status=200 | data={"value":null} | headers=HTTPHeaderDict({'Content-Length': '14', 'Content-Type': 'application/json; charset=utf-8', 'cache-control': 'no-cache'})
2024-05-29 10:37:53 [DEBUG] Finished Request
2024-05-29 10:37:53 [DEBUG] POST http://localhost:56137/session/0bd50fdbc75aaf449620d6d583c23768/element {'using': 'xpath', 'value': "//*[@id='email']"}
2024-05-29 10:37:53 [DEBUG] http://localhost:56137 "POST /session/0bd50fdbc75aaf449620d6d583c23768/element HTTP/1.1" 200 126
2024-05-29 10:37:53 [DEBUG] Remote response: status=200 | data={"value":{"element-6066-11e4-a52e-4f735466cecf":"f.2E0F3C45EA0ADBBD2CFFC1855704C2CF.d.FAC3E7403919AC2130324E46AC069F3C.e.76"}} | headers=HTTPHeaderDict({'Content-Length': '126', 'Content-Type': 'application/json; charset=utf-8', 'cache-control': 'no-cache'})
2024-05-29 10:37:53 [DEBUG] Finished Request
2024-05-29 10:37:53 [DEBUG] POST http://localhost:56137/session/0bd50fdbc75aaf449620d6d583c23768/element {'using': 'xpath', 'value': "//*[@id='login-password']"}
2024-05-29 10:37:53 [DEBUG] http://localhost:56137 "POST /session/0bd50fdbc75aaf449620d6d583c23768/element HTTP/1.1" 200 126
2024-05-29 10:37:53 [DEBUG] Remote response: status=200 | data={"value":{"element-6066-11e4-a52e-4f735466cecf":"f.2E0F3C45EA0ADBBD2CFFC1855704C2CF.d.FAC3E7403919AC2130324E46AC069F3C.e.77"}} | headers=HTTPHeaderDict({'Content-Length': '126', 'Content-Type': 'application/json; charset=utf-8', 'cache-control': 'no-cache'})
2024-05-29 10:37:53 [DEBUG] Finished Request
2024-05-29 10:37:53 [DEBUG] POST http://localhost:56137/session/0bd50fdbc75aaf449620d6d583c23768/element {'using': 'xpath', 'value': "//*[@id='login']"}
2024-05-29 10:37:53 [DEBUG] http://localhost:56137 "POST /session/0bd50fdbc75aaf449620d6d583c23768/element HTTP/1.1" 200 126
2024-05-29 10:37:53 [DEBUG] Remote response: status=200 | data={"value":{"element-6066-11e4-a52e-4f735466cecf":"f.2E0F3C45EA0ADBBD2CFFC1855704C2CF.d.FAC3E7403919AC2130324E46AC069F3C.e.87"}} | headers=HTTPHeaderDict({'Content-Length': '126', 'Content-Type': 'application/json; charset=utf-8', 'cache-control': 'no-cache'})
2024-05-29 10:37:53 [DEBUG] Finished Request
2024-05-29 10:37:53 [DEBUG] POST http://localhost:56137/session/0bd50fdbc75aaf449620d6d583c23768/element/f.2E0F3C45EA0ADBBD2CFFC1855704C2CF.d.FAC3E7403919AC2130324E46AC069F3C.e.76/value {'text': 'test@gmail.com', 'value': ['t', 'e', 's', 't', '@', 'g', 'm', 'a', 'i', 'l', '.', 'c', 'o', 'm']}
2024-05-29 10:37:53 [DEBUG] http://localhost:56137 "POST /session/0bd50fdbc75aaf449620d6d583c23768/element/f.2E0F3C45EA0ADBBD2CFFC1855704C2CF.d.FAC3E7403919AC2130324E46AC069F3C.e.76/value HTTP/1.1" 200 14
2024-05-29 10:37:53 [DEBUG] Remote response: status=200 | data={"value":null} | headers=HTTPHeaderDict({'Content-Length': '14', 'Content-Type': 'application/json; charset=utf-8', 'cache-control': 'no-cache'})
2024-05-29 10:37:53 [DEBUG] Finished Request
2024-05-29 10:37:53 [DEBUG] POST http://localhost:56137/session/0bd50fdbc75aaf449620d6d583c23768/element/f.2E0F3C45EA0ADBBD2CFFC1855704C2CF.d.FAC3E7403919AC2130324E46AC069F3C.e.77/value {'text': 'test12345', 'value': ['t', 'e', 's', 't', '1', '2', '3', '4', '5']}
2024-05-29 10:37:53 [DEBUG] http://localhost:56137 "POST /session/0bd50fdbc75aaf449620d6d583c23768/element/f.2E0F3C45EA0ADBBD2CFFC1855704C2CF.d.FAC3E7403919AC2130324E46AC069F3C.e.77/value HTTP/1.1" 200 14
2024-05-29 10:37:53 [DEBUG] Remote response: status=200 | data={"value":null} | headers=HTTPHeaderDict({'Content-Length': '14', 'Content-Type': 'application/json; charset=utf-8', 'cache-control': 'no-cache'})
2024-05-29 10:37:53 [DEBUG] Finished Request
2024-05-29 10:37:53 [DEBUG] POST http://localhost:56137/session/0bd50fdbc75aaf449620d6d583c23768/element/f.2E0F3C45EA0ADBBD2CFFC1855704C2CF.d.FAC3E7403919AC2130324E46AC069F3C.e.87/click {}
2024-05-29 10:37:53 [DEBUG] http://localhost:56137 "POST /session/0bd50fdbc75aaf449620d6d583c23768/element/f.2E0F3C45EA0ADBBD2CFFC1855704C2CF.d.FAC3E7403919AC2130324E46AC069F3C.e.87/click HTTP/1.1" 200 14
2024-05-29 10:37:53 [DEBUG] Remote response: status=200 | data={"value":null} | headers=HTTPHeaderDict({'Content-Length': '14', 'Content-Type': 'application/json; charset=utf-8', 'cache-control': 'no-cache'})
2024-05-29 10:37:53 [DEBUG] Finished Request
2024-05-29 10:37:53 [DEBUG] POST http://localhost:56137/session/0bd50fdbc75aaf449620d6d583c23768/timeouts {'implicit': 5000}
2024-05-29 10:37:53 [DEBUG] http://localhost:56137 "POST /session/0bd50fdbc75aaf449620d6d583c23768/timeouts HTTP/1.1" 200 14
2024-05-29 10:37:53 [DEBUG] Remote response: status=200 | data={"value":null} | headers=HTTPHeaderDict({'Content-Length': '14', 'Content-Type': 'application/json; charset=utf-8', 'cache-control': 'no-cache'})
2024-05-29 10:37:53 [DEBUG] Finished Request
2024-05-29 10:37:53 [DEBUG] POST http://localhost:56137/session/0bd50fdbc75aaf449620d6d583c23768/element {'using': 'xpath', 'value': "//*[@id='incorrectdetails']"}
2024-05-29 10:37:53 [DEBUG] http://localhost:56137 "POST /session/0bd50fdbc75aaf449620d6d583c23768/element HTTP/1.1" 200 127
2024-05-29 10:37:53 [DEBUG] Remote response: status=200 | data={"value":{"element-6066-11e4-a52e-4f735466cecf":"f.2E0F3C45EA0ADBBD2CFFC1855704C2CF.d.FAC3E7403919AC2130324E46AC069F3C.e.125"}} | headers=HTTPHeaderDict({'Content-Length': '127', 'Content-Type': 'application/json; charset=utf-8', 'cache-control': 'no-cache'})
2024-05-29 10:37:53 [DEBUG] Finished Request
2024-05-29 10:37:53 [DEBUG] GET http://localhost:56137/session/0bd50fdbc75aaf449620d6d583c23768/element/f.2E0F3C45EA0ADBBD2CFFC1855704C2CF.d.FAC3E7403919AC2130324E46AC069F3C.e.125/text {}
2024-05-29 10:37:53 [DEBUG] http://localhost:56137 "GET /session/0bd50fdbc75aaf449620d6d583c23768/element/f.2E0F3C45EA0ADBBD2CFFC1855704C2CF.d.FAC3E7403919AC2130324E46AC069F3C.e.125/text HTTP/1.1" 200 12
2024-05-29 10:37:53 [DEBUG] Remote response: status=200 | data={"value":""} | headers=HTTPHeaderDict({'Content-Length': '12', 'Content-Type': 'application/json; charset=utf-8', 'cache-control': 'no-cache'})
2024-05-29 10:37:53 [DEBUG] Finished Request
2024-05-29 10:37:53 [INFO] 
2024-05-29 10:37:53 [DEBUG] POST http://localhost:56137/session/0bd50fdbc75aaf449620d6d583c23768/execute/sync {'script': "window.open('')", 'args': []}
2024-05-29 10:37:53 [DEBUG] http://localhost:56137 "POST /session/0bd50fdbc75aaf449620d6d583c23768/execute/sync HTTP/1.1" 200 14
2024-05-29 10:37:53 [DEBUG] Remote response: status=200 | data={"value":null} | headers=HTTPHeaderDict({'Content-Length': '14', 'Content-Type': 'application/json; charset=utf-8', 'cache-control': 'no-cache'})
2024-05-29 10:37:53 [DEBUG] Finished Request
2024-05-29 10:37:53 [DEBUG] GET http://localhost:56137/session/0bd50fdbc75aaf449620d6d583c23768/window/handles {}
2024-05-29 10:37:53 [DEBUG] http://localhost:56137 "GET /session/0bd50fdbc75aaf449620d6d583c23768/window/handles HTTP/1.1" 200 81
2024-05-29 10:37:53 [DEBUG] Remote response: status=200 | data={"value":["2E0F3C45EA0ADBBD2CFFC1855704C2CF","506B49A94DF810EC1A764340F34FA17D"]} | headers=HTTPHeaderDict({'Content-Length': '81', 'Content-Type': 'application/json; charset=utf-8', 'cache-control': 'no-cache'})
2024-05-29 10:37:53 [DEBUG] Finished Request
2024-05-29 10:37:53 [DEBUG] GET http://localhost:56137/session/0bd50fdbc75aaf449620d6d583c23768/window/handles {}
2024-05-29 10:37:53 [DEBUG] http://localhost:56137 "GET /session/0bd50fdbc75aaf449620d6d583c23768/window/handles HTTP/1.1" 200 81
2024-05-29 10:37:53 [DEBUG] Remote response: status=200 | data={"value":["2E0F3C45EA0ADBBD2CFFC1855704C2CF","506B49A94DF810EC1A764340F34FA17D"]} | headers=HTTPHeaderDict({'Content-Length': '81', 'Content-Type': 'application/json; charset=utf-8', 'cache-control': 'no-cache'})
2024-05-29 10:37:53 [DEBUG] Finished Request
2024-05-29 10:37:53 [DEBUG] POST http://localhost:56137/session/0bd50fdbc75aaf449620d6d583c23768/window {'handle': '506B49A94DF810EC1A764340F34FA17D'}
2024-05-29 10:37:53 [DEBUG] http://localhost:56137 "POST /session/0bd50fdbc75aaf449620d6d583c23768/window HTTP/1.1" 200 14
2024-05-29 10:37:53 [DEBUG] Remote response: status=200 | data={"value":null} | headers=HTTPHeaderDict({'Content-Length': '14', 'Content-Type': 'application/json; charset=utf-8', 'cache-control': 'no-cache'})
2024-05-29 10:37:53 [DEBUG] Finished Request
2024-05-29 10:37:53 [DEBUG] POST http://localhost:56137/session/0bd50fdbc75aaf449620d6d583c23768/url {'url': 'https://www.python.org/'}
2024-05-29 10:37:54 [DEBUG] http://localhost:56137 "POST /session/0bd50fdbc75aaf449620d6d583c23768/url HTTP/1.1" 200 14
2024-05-29 10:37:54 [DEBUG] Remote response: status=200 | data={"value":null} | headers=HTTPHeaderDict({'Content-Length': '14', 'Content-Type': 'application/json; charset=utf-8', 'cache-control': 'no-cache'})
2024-05-29 10:37:54 [DEBUG] Finished Request
2024-05-29 10:37:54 [DEBUG] POST http://localhost:56137/session/0bd50fdbc75aaf449620d6d583c23768/element {'using': 'xpath', 'value': "//*[@id='id-search-field']"}
2024-05-29 10:37:54 [DEBUG] http://localhost:56137 "POST /session/0bd50fdbc75aaf449620d6d583c23768/element HTTP/1.1" 200 125
2024-05-29 10:37:54 [DEBUG] Remote response: status=200 | data={"value":{"element-6066-11e4-a52e-4f735466cecf":"f.506B49A94DF810EC1A764340F34FA17D.d.05C70070F0491A6B702D95049DB9781C.e.6"}} | headers=HTTPHeaderDict({'Content-Length': '125', 'Content-Type': 'application/json; charset=utf-8', 'cache-control': 'no-cache'})
2024-05-29 10:37:54 [DEBUG] Finished Request
2024-05-29 10:37:54 [DEBUG] POST http://localhost:56137/session/0bd50fdbc75aaf449620d6d583c23768/element/f.506B49A94DF810EC1A764340F34FA17D.d.05C70070F0491A6B702D95049DB9781C.e.6/value {'text': 'Automation', 'value': ['A', 'u', 't', 'o', 'm', 'a', 't', 'i', 'o', 'n']}
2024-05-29 10:37:54 [DEBUG] http://localhost:56137 "POST /session/0bd50fdbc75aaf449620d6d583c23768/element/f.506B49A94DF810EC1A764340F34FA17D.d.05C70070F0491A6B702D95049DB9781C.e.6/value HTTP/1.1" 200 14
2024-05-29 10:37:54 [DEBUG] Remote response: status=200 | data={"value":null} | headers=HTTPHeaderDict({'Content-Length': '14', 'Content-Type': 'application/json; charset=utf-8', 'cache-control': 'no-cache'})
2024-05-29 10:37:54 [DEBUG] Finished Request
2024-05-29 10:37:54 [DEBUG] POST http://localhost:56137/session/0bd50fdbc75aaf449620d6d583c23768/element {'using': 'xpath', 'value': "//*[@id='submit']"}
2024-05-29 10:37:54 [DEBUG] http://localhost:56137 "POST /session/0bd50fdbc75aaf449620d6d583c23768/element HTTP/1.1" 200 125
2024-05-29 10:37:54 [DEBUG] Remote response: status=200 | data={"value":{"element-6066-11e4-a52e-4f735466cecf":"f.506B49A94DF810EC1A764340F34FA17D.d.05C70070F0491A6B702D95049DB9781C.e.9"}} | headers=HTTPHeaderDict({'Content-Length': '125', 'Content-Type': 'application/json; charset=utf-8', 'cache-control': 'no-cache'})
2024-05-29 10:37:54 [DEBUG] Finished Request
2024-05-29 10:37:54 [DEBUG] POST http://localhost:56137/session/0bd50fdbc75aaf449620d6d583c23768/element/f.506B49A94DF810EC1A764340F34FA17D.d.05C70070F0491A6B702D95049DB9781C.e.9/click {}
2024-05-29 10:37:54 [DEBUG] http://localhost:56137 "POST /session/0bd50fdbc75aaf449620d6d583c23768/element/f.506B49A94DF810EC1A764340F34FA17D.d.05C70070F0491A6B702D95049DB9781C.e.9/click HTTP/1.1" 200 14
2024-05-29 10:37:54 [DEBUG] Remote response: status=200 | data={"value":null} | headers=HTTPHeaderDict({'Content-Length': '14', 'Content-Type': 'application/json; charset=utf-8', 'cache-control': 'no-cache'})
2024-05-29 10:37:54 [DEBUG] Finished Request
2024-05-29 10:37:54 [DEBUG] POST http://localhost:56137/session/0bd50fdbc75aaf449620d6d583c23768/timeouts {'implicit': 5000}
2024-05-29 10:37:54 [DEBUG] http://localhost:56137 "POST /session/0bd50fdbc75aaf449620d6d583c23768/timeouts HTTP/1.1" 200 14
2024-05-29 10:37:54 [DEBUG] Remote response: status=200 | data={"value":null} | headers=HTTPHeaderDict({'Content-Length': '14', 'Content-Type': 'application/json; charset=utf-8', 'cache-control': 'no-cache'})
2024-05-29 10:37:54 [DEBUG] Finished Request
2024-05-29 10:37:54 [DEBUG] POST http://localhost:56137/session/0bd50fdbc75aaf449620d6d583c23768/elements {'using': 'xpath', 'value': '//ul/li[p[contains(translate(text(), "AUTOMATION", "automation"), "automation")]]'}
2024-05-29 10:37:54 [DEBUG] http://localhost:56137 "POST /session/0bd50fdbc75aaf449620d6d583c23768/elements HTTP/1.1" 200 128
2024-05-29 10:37:54 [DEBUG] Remote response: status=200 | data={"value":[{"element-6066-11e4-a52e-4f735466cecf":"f.506B49A94DF810EC1A764340F34FA17D.d.573669A66402F251A98ABEA29F04250E.e.37"}]} | headers=HTTPHeaderDict({'Content-Length': '128', 'Content-Type': 'application/json; charset=utf-8', 'cache-control': 'no-cache'})
2024-05-29 10:37:54 [DEBUG] Finished Request
2024-05-29 10:37:54 [DEBUG] POST http://localhost:56137/session/0bd50fdbc75aaf449620d6d583c23768/window {'handle': '2E0F3C45EA0ADBBD2CFFC1855704C2CF'}
2024-05-29 10:37:54 [DEBUG] http://localhost:56137 "POST /session/0bd50fdbc75aaf449620d6d583c23768/window HTTP/1.1" 200 14
2024-05-29 10:37:54 [DEBUG] Remote response: status=200 | data={"value":null} | headers=HTTPHeaderDict({'Content-Length': '14', 'Content-Type': 'application/json; charset=utf-8', 'cache-control': 'no-cache'})
2024-05-29 10:37:54 [DEBUG] Finished Request
2024-05-29 10:37:54 [DEBUG] DELETE http://localhost:56137/session/0bd50fdbc75aaf449620d6d583c23768 {}
2024-05-29 10:37:55 [DEBUG] http://localhost:56137 "DELETE /session/0bd50fdbc75aaf449620d6d583c23768 HTTP/1.1" 200 14
2024-05-29 10:37:55 [DEBUG] Remote response: status=200 | data={"value":null} | headers=HTTPHeaderDict({'Content-Length': '14', 'Content-Type': 'application/json; charset=utf-8', 'cache-control': 'no-cache'})
2024-05-29 10:37:55 [DEBUG] Finished Request
